{"/Users/lamarialuisa/workspace/praia/notes-app/components/avatar/Avatar.jsx": {"path":"/Users/lamarialuisa/workspace/praia/notes-app/components/avatar/Avatar.jsx","statementMap":{"0":{"start":{"line":4,"column":15},"end":{"line":6,"column":1}},"1":{"start":{"line":5,"column":2},"end":{"line":5,"column":31}}},"fnMap":{"0":{"name":"(anonymous_0)","decl":{"start":{"line":4,"column":15},"end":{"line":4,"column":16}},"loc":{"start":{"line":5,"column":2},"end":{"line":5,"column":31}},"line":5}},"branchMap":{},"s":{"0":4,"1":5},"f":{"0":5},"b":{},"_coverageSchema":"1a1c01bbd47fc00a2c39e90264f33305004495a9","hash":"4bb61ce55c8827b813d72f14db2dbd58e5db5d90"}
,"/Users/lamarialuisa/workspace/praia/notes-app/components/avatar/styles/Avatar.styles.js": {"path":"/Users/lamarialuisa/workspace/praia/notes-app/components/avatar/styles/Avatar.styles.js","statementMap":{"0":{"start":{"line":3,"column":21},"end":{"line":11,"column":1}}},"fnMap":{},"branchMap":{},"s":{"0":4},"f":{},"b":{},"_coverageSchema":"1a1c01bbd47fc00a2c39e90264f33305004495a9","hash":"c0f9beb41e3238b6f604da70e61b1c23b9778203"}
,"/Users/lamarialuisa/workspace/praia/notes-app/components/board/Board.jsx": {"path":"/Users/lamarialuisa/workspace/praia/notes-app/components/board/Board.jsx","statementMap":{"0":{"start":{"line":7,"column":14},"end":{"line":16,"column":1}},"1":{"start":{"line":8,"column":2},"end":{"line":15,"column":8}},"2":{"start":{"line":12,"column":8},"end":{"line":12,"column":76}},"3":{"start":{"line":18,"column":0},"end":{"line":20,"column":2}}},"fnMap":{"0":{"name":"(anonymous_0)","decl":{"start":{"line":7,"column":14},"end":{"line":7,"column":15}},"loc":{"start":{"line":8,"column":2},"end":{"line":15,"column":8}},"line":8},"1":{"name":"(anonymous_1)","decl":{"start":{"line":11,"column":24},"end":{"line":11,"column":25}},"loc":{"start":{"line":12,"column":8},"end":{"line":12,"column":76}},"line":12}},"branchMap":{"0":{"loc":{"start":{"line":11,"column":7},"end":{"line":13,"column":7}},"type":"binary-expr","locations":[{"start":{"line":11,"column":7},"end":{"line":11,"column":11}},{"start":{"line":11,"column":15},"end":{"line":13,"column":7}}],"line":11}},"s":{"0":1,"1":2,"2":12,"3":1},"f":{"0":2,"1":12},"b":{"0":[2,2]},"_coverageSchema":"1a1c01bbd47fc00a2c39e90264f33305004495a9","hash":"34f31d6f19a0d826119e153d383363f127e23e63"}
,"/Users/lamarialuisa/workspace/praia/notes-app/components/board/styles/Board.styles.js": {"path":"/Users/lamarialuisa/workspace/praia/notes-app/components/board/styles/Board.styles.js","statementMap":{"0":{"start":{"line":3,"column":20},"end":{"line":5,"column":1}}},"fnMap":{},"branchMap":{},"s":{"0":1},"f":{},"b":{},"_coverageSchema":"1a1c01bbd47fc00a2c39e90264f33305004495a9","hash":"5581a66cddebd22c19c3f4f7fe7c77e87450eb62"}
,"/Users/lamarialuisa/workspace/praia/notes-app/components/boardHeaderMenu/BoardHeaderMenu.jsx": {"path":"/Users/lamarialuisa/workspace/praia/notes-app/components/boardHeaderMenu/BoardHeaderMenu.jsx","statementMap":{"0":{"start":{"line":9,"column":24},"end":{"line":26,"column":1}},"1":{"start":{"line":10,"column":2},"end":{"line":25,"column":26}}},"fnMap":{"0":{"name":"(anonymous_0)","decl":{"start":{"line":9,"column":24},"end":{"line":9,"column":25}},"loc":{"start":{"line":10,"column":2},"end":{"line":25,"column":26}},"line":10}},"branchMap":{},"s":{"0":2,"1":3},"f":{"0":3},"b":{},"_coverageSchema":"1a1c01bbd47fc00a2c39e90264f33305004495a9","hash":"2ca825c594b0843f398c1729aba493b2b06c9662"}
,"/Users/lamarialuisa/workspace/praia/notes-app/components/boardHeaderMenu/styles/BoardHeaderMenu.styles.js": {"path":"/Users/lamarialuisa/workspace/praia/notes-app/components/boardHeaderMenu/styles/BoardHeaderMenu.styles.js","statementMap":{"0":{"start":{"line":4,"column":30},"end":{"line":21,"column":1}}},"fnMap":{},"branchMap":{},"s":{"0":2},"f":{},"b":{},"_coverageSchema":"1a1c01bbd47fc00a2c39e90264f33305004495a9","hash":"0e30d91c9c52b2a5c40e7eb28d2ac88e28cfea70"}
,"/Users/lamarialuisa/workspace/praia/notes-app/components/card/Card.jsx": {"path":"/Users/lamarialuisa/workspace/praia/notes-app/components/card/Card.jsx","statementMap":{"0":{"start":{"line":11,"column":13},"end":{"line":27,"column":1}},"1":{"start":{"line":12,"column":2},"end":{"line":13,"column":29}},"2":{"start":{"line":13,"column":4},"end":{"line":13,"column":29}},"3":{"start":{"line":14,"column":2},"end":{"line":26,"column":16}},"4":{"start":{"line":19,"column":8},"end":{"line":19,"column":47}},"5":{"start":{"line":29,"column":0},"end":{"line":34,"column":2}}},"fnMap":{"0":{"name":"(anonymous_0)","decl":{"start":{"line":11,"column":13},"end":{"line":11,"column":14}},"loc":{"start":{"line":11,"column":22},"end":{"line":27,"column":1}},"line":11},"1":{"name":"(anonymous_1)","decl":{"start":{"line":18,"column":40},"end":{"line":18,"column":41}},"loc":{"start":{"line":19,"column":8},"end":{"line":19,"column":47}},"line":19}},"branchMap":{"0":{"loc":{"start":{"line":12,"column":2},"end":{"line":13,"column":29}},"type":"if","locations":[{"start":{"line":12,"column":2},"end":{"line":13,"column":29}},{"start":{"line":12,"column":2},"end":{"line":13,"column":29}}],"line":12},"1":{"loc":{"start":{"line":16,"column":5},"end":{"line":16,"column":90}},"type":"binary-expr","locations":[{"start":{"line":16,"column":5},"end":{"line":16,"column":16}},{"start":{"line":16,"column":20},"end":{"line":16,"column":90}}],"line":16},"2":{"loc":{"start":{"line":18,"column":7},"end":{"line":20,"column":7}},"type":"binary-expr","locations":[{"start":{"line":18,"column":7},"end":{"line":18,"column":19}},{"start":{"line":18,"column":23},"end":{"line":20,"column":7}}],"line":18}},"s":{"0":3,"1":54,"2":4,"3":54,"4":32,"5":3},"f":{"0":54,"1":32},"b":{"0":[4,50],"1":[54,4],"2":[54,52]},"_coverageSchema":"1a1c01bbd47fc00a2c39e90264f33305004495a9","hash":"43945d5d0ea36deeddaa7141b21b493738eee401"}
,"/Users/lamarialuisa/workspace/praia/notes-app/components/card/styles/Card.styles.js": {"path":"/Users/lamarialuisa/workspace/praia/notes-app/components/card/styles/Card.styles.js","statementMap":{"0":{"start":{"line":3,"column":19},"end":{"line":22,"column":1}}},"fnMap":{},"branchMap":{},"s":{"0":3},"f":{},"b":{},"_coverageSchema":"1a1c01bbd47fc00a2c39e90264f33305004495a9","hash":"9f7cb5fe788432e2db7dc0c570727d90a0b56147"}
,"/Users/lamarialuisa/workspace/praia/notes-app/components/card/styles/CardContent.styles.js": {"path":"/Users/lamarialuisa/workspace/praia/notes-app/components/card/styles/CardContent.styles.js","statementMap":{"0":{"start":{"line":3,"column":26},"end":{"line":6,"column":1}}},"fnMap":{},"branchMap":{},"s":{"0":3},"f":{},"b":{},"_coverageSchema":"1a1c01bbd47fc00a2c39e90264f33305004495a9","hash":"6671d4c6671468d99862ec89acc0409d5042902f"}
,"/Users/lamarialuisa/workspace/praia/notes-app/components/card/styles/CardCover.styles.js": {"path":"/Users/lamarialuisa/workspace/praia/notes-app/components/card/styles/CardCover.styles.js","statementMap":{"0":{"start":{"line":3,"column":24},"end":{"line":6,"column":1}}},"fnMap":{},"branchMap":{},"s":{"0":3},"f":{},"b":{},"_coverageSchema":"1a1c01bbd47fc00a2c39e90264f33305004495a9","hash":"8111cfd6a648b845fb2e3bb807285ec32dada847"}
,"/Users/lamarialuisa/workspace/praia/notes-app/components/card/styles/CardIconEdit.styles.js": {"path":"/Users/lamarialuisa/workspace/praia/notes-app/components/card/styles/CardIconEdit.styles.js","statementMap":{"0":{"start":{"line":3,"column":23},"end":{"line":22,"column":1}},"1":{"start":{"line":7,"column":22},"end":{"line":7,"column":60}}},"fnMap":{"0":{"name":"(anonymous_0)","decl":{"start":{"line":7,"column":12},"end":{"line":7,"column":13}},"loc":{"start":{"line":7,"column":22},"end":{"line":7,"column":60}},"line":7}},"branchMap":{"0":{"loc":{"start":{"line":7,"column":22},"end":{"line":7,"column":60}},"type":"cond-expr","locations":[{"start":{"line":7,"column":37},"end":{"line":7,"column":46}},{"start":{"line":7,"column":49},"end":{"line":7,"column":60}}],"line":7}},"s":{"0":3,"1":54},"f":{"0":54},"b":{"0":[0,54]},"_coverageSchema":"1a1c01bbd47fc00a2c39e90264f33305004495a9","hash":"7c2f4a2cabd0bb89b9c3e37603ab106391185de1"}
,"/Users/lamarialuisa/workspace/praia/notes-app/components/card/styles/CardText.styles.js": {"path":"/Users/lamarialuisa/workspace/praia/notes-app/components/card/styles/CardText.styles.js","statementMap":{"0":{"start":{"line":4,"column":23},"end":{"line":16,"column":1}}},"fnMap":{},"branchMap":{},"s":{"0":3},"f":{},"b":{},"_coverageSchema":"1a1c01bbd47fc00a2c39e90264f33305004495a9","hash":"367c4f6bf3f9e535fa50ec009856782cd079970b"}
,"/Users/lamarialuisa/workspace/praia/notes-app/components/cardItemsIcons/CardItemsIcons.jsx": {"path":"/Users/lamarialuisa/workspace/praia/notes-app/components/cardItemsIcons/CardItemsIcons.jsx","statementMap":{"0":{"start":{"line":7,"column":23},"end":{"line":22,"column":1}},"1":{"start":{"line":8,"column":2},"end":{"line":21,"column":25}},"2":{"start":{"line":10,"column":6},"end":{"line":19,"column":12}},"3":{"start":{"line":24,"column":0},"end":{"line":26,"column":2}}},"fnMap":{"0":{"name":"(anonymous_0)","decl":{"start":{"line":7,"column":23},"end":{"line":7,"column":24}},"loc":{"start":{"line":8,"column":2},"end":{"line":21,"column":25}},"line":8},"1":{"name":"(anonymous_1)","decl":{"start":{"line":9,"column":24},"end":{"line":9,"column":25}},"loc":{"start":{"line":10,"column":6},"end":{"line":19,"column":12}},"line":10}},"branchMap":{"0":{"loc":{"start":{"line":9,"column":5},"end":{"line":20,"column":5}},"type":"binary-expr","locations":[{"start":{"line":9,"column":5},"end":{"line":9,"column":10}},{"start":{"line":9,"column":14},"end":{"line":20,"column":5}}],"line":9},"1":{"loc":{"start":{"line":18,"column":9},"end":{"line":18,"column":66}},"type":"binary-expr","locations":[{"start":{"line":18,"column":9},"end":{"line":18,"column":19}},{"start":{"line":18,"column":23},"end":{"line":18,"column":66}}],"line":18}},"s":{"0":4,"1":55,"2":37,"3":4},"f":{"0":55,"1":37},"b":{"0":[55,53],"1":[37,16]},"_coverageSchema":"1a1c01bbd47fc00a2c39e90264f33305004495a9","hash":"02341092b672588a47406ee9a5bc7553af275d91"}
,"/Users/lamarialuisa/workspace/praia/notes-app/components/cardItemsIcons/styles/CardItemsIcons.styles.js": {"path":"/Users/lamarialuisa/workspace/praia/notes-app/components/cardItemsIcons/styles/CardItemsIcons.styles.js","statementMap":{"0":{"start":{"line":3,"column":29},"end":{"line":5,"column":1}}},"fnMap":{},"branchMap":{},"s":{"0":4},"f":{},"b":{},"_coverageSchema":"1a1c01bbd47fc00a2c39e90264f33305004495a9","hash":"148504765e7954b20a9697f8696abdbc040e584e"}
,"/Users/lamarialuisa/workspace/praia/notes-app/components/cardItemsIcons/styles/Values.styles.js": {"path":"/Users/lamarialuisa/workspace/praia/notes-app/components/cardItemsIcons/styles/Values.styles.js","statementMap":{"0":{"start":{"line":3,"column":21},"end":{"line":9,"column":1}}},"fnMap":{},"branchMap":{},"s":{"0":4},"f":{},"b":{},"_coverageSchema":"1a1c01bbd47fc00a2c39e90264f33305004495a9","hash":"a3a7a16772507e741bccf9439c392c24780680ee"}
,"/Users/lamarialuisa/workspace/praia/notes-app/components/cardList/CardList.jsx": {"path":"/Users/lamarialuisa/workspace/praia/notes-app/components/cardList/CardList.jsx","statementMap":{"0":{"start":{"line":8,"column":17},"end":{"line":18,"column":1}},"1":{"start":{"line":9,"column":2},"end":{"line":17,"column":19}},"2":{"start":{"line":13,"column":8},"end":{"line":14,"column":46}},"3":{"start":{"line":20,"column":0},"end":{"line":23,"column":2}}},"fnMap":{"0":{"name":"(anonymous_0)","decl":{"start":{"line":8,"column":17},"end":{"line":8,"column":18}},"loc":{"start":{"line":9,"column":2},"end":{"line":17,"column":19}},"line":9},"1":{"name":"(anonymous_1)","decl":{"start":{"line":12,"column":24},"end":{"line":12,"column":25}},"loc":{"start":{"line":13,"column":8},"end":{"line":14,"column":46}},"line":13}},"branchMap":{"0":{"loc":{"start":{"line":12,"column":7},"end":{"line":14,"column":47}},"type":"binary-expr","locations":[{"start":{"line":12,"column":7},"end":{"line":12,"column":11}},{"start":{"line":12,"column":15},"end":{"line":14,"column":47}}],"line":12}},"s":{"0":2,"1":15,"2":52,"3":2},"f":{"0":15,"1":52},"b":{"0":[15,15]},"_coverageSchema":"1a1c01bbd47fc00a2c39e90264f33305004495a9","hash":"be53b95f9a8c8e7a45033438ee8255d459d592e9"}
,"/Users/lamarialuisa/workspace/praia/notes-app/components/cardList/styles/CardList.styles.js": {"path":"/Users/lamarialuisa/workspace/praia/notes-app/components/cardList/styles/CardList.styles.js","statementMap":{"0":{"start":{"line":3,"column":23},"end":{"line":16,"column":1}}},"fnMap":{},"branchMap":{},"s":{"0":2},"f":{},"b":{},"_coverageSchema":"1a1c01bbd47fc00a2c39e90264f33305004495a9","hash":"15b12afca01fe1e94cd8de7ddded836ab0d7e516"}
,"/Users/lamarialuisa/workspace/praia/notes-app/components/cardListHeader/CardListHeader.jsx": {"path":"/Users/lamarialuisa/workspace/praia/notes-app/components/cardListHeader/CardListHeader.jsx","statementMap":{"0":{"start":{"line":7,"column":23},"end":{"line":19,"column":1}},"1":{"start":{"line":8,"column":2},"end":{"line":18,"column":25}},"2":{"start":{"line":21,"column":0},"end":{"line":23,"column":2}}},"fnMap":{"0":{"name":"(anonymous_0)","decl":{"start":{"line":7,"column":23},"end":{"line":7,"column":24}},"loc":{"start":{"line":8,"column":2},"end":{"line":18,"column":25}},"line":8}},"branchMap":{},"s":{"0":3,"1":17,"2":3},"f":{"0":17},"b":{},"_coverageSchema":"1a1c01bbd47fc00a2c39e90264f33305004495a9","hash":"934ca9eb92770f04fd028339a831e1477e81f218"}
,"/Users/lamarialuisa/workspace/praia/notes-app/components/cardListHeader/styles/CardListHeader.styles.js": {"path":"/Users/lamarialuisa/workspace/praia/notes-app/components/cardListHeader/styles/CardListHeader.styles.js","statementMap":{"0":{"start":{"line":3,"column":29},"end":{"line":6,"column":1}}},"fnMap":{},"branchMap":{},"s":{"0":3},"f":{},"b":{},"_coverageSchema":"1a1c01bbd47fc00a2c39e90264f33305004495a9","hash":"cbd371e0117402556ad115417880430f73af8a29"}
,"/Users/lamarialuisa/workspace/praia/notes-app/components/cardListHeader/styles/CardListHeaderTitle.styles.js": {"path":"/Users/lamarialuisa/workspace/praia/notes-app/components/cardListHeader/styles/CardListHeaderTitle.styles.js","statementMap":{"0":{"start":{"line":4,"column":34},"end":{"line":10,"column":1}}},"fnMap":{},"branchMap":{},"s":{"0":3},"f":{},"b":{},"_coverageSchema":"1a1c01bbd47fc00a2c39e90264f33305004495a9","hash":"7c8e6610bcb3e99d0952aea0539b89df2e8c16c9"}
,"/Users/lamarialuisa/workspace/praia/notes-app/components/cardListMenu/CardListMenu.jsx": {"path":"/Users/lamarialuisa/workspace/praia/notes-app/components/cardListMenu/CardListMenu.jsx","statementMap":{"0":{"start":{"line":5,"column":21},"end":{"line":24,"column":1}},"1":{"start":{"line":6,"column":2},"end":{"line":23,"column":23}}},"fnMap":{"0":{"name":"(anonymous_0)","decl":{"start":{"line":5,"column":21},"end":{"line":5,"column":22}},"loc":{"start":{"line":6,"column":2},"end":{"line":23,"column":23}},"line":6}},"branchMap":{},"s":{"0":3,"1":16},"f":{"0":16},"b":{},"_coverageSchema":"1a1c01bbd47fc00a2c39e90264f33305004495a9","hash":"9e83068a9ebe58f51a774a9fa396c88f7b9ea338"}
,"/Users/lamarialuisa/workspace/praia/notes-app/components/cardListMenu/styles/CardListMenu.styles.js": {"path":"/Users/lamarialuisa/workspace/praia/notes-app/components/cardListMenu/styles/CardListMenu.styles.js","statementMap":{"0":{"start":{"line":3,"column":27},"end":{"line":6,"column":1}}},"fnMap":{},"branchMap":{},"s":{"0":3},"f":{},"b":{},"_coverageSchema":"1a1c01bbd47fc00a2c39e90264f33305004495a9","hash":"07bd3b0a7a85a92a26e9b746a38833cccbffe3ec"}
,"/Users/lamarialuisa/workspace/praia/notes-app/components/header/Header.jsx": {"path":"/Users/lamarialuisa/workspace/praia/notes-app/components/header/Header.jsx","statementMap":{"0":{"start":{"line":8,"column":15},"end":{"line":25,"column":1}},"1":{"start":{"line":9,"column":2},"end":{"line":24,"column":17}}},"fnMap":{"0":{"name":"(anonymous_0)","decl":{"start":{"line":8,"column":15},"end":{"line":8,"column":16}},"loc":{"start":{"line":9,"column":2},"end":{"line":24,"column":17}},"line":9}},"branchMap":{},"s":{"0":1,"1":1},"f":{"0":1},"b":{},"_coverageSchema":"1a1c01bbd47fc00a2c39e90264f33305004495a9","hash":"85ea2eab313e313fa1449388269d51c4fdd31deb"}
,"/Users/lamarialuisa/workspace/praia/notes-app/components/header/styles/Header.styles.js": {"path":"/Users/lamarialuisa/workspace/praia/notes-app/components/header/styles/Header.styles.js","statementMap":{"0":{"start":{"line":4,"column":21},"end":{"line":20,"column":1}}},"fnMap":{},"branchMap":{},"s":{"0":1},"f":{},"b":{},"_coverageSchema":"1a1c01bbd47fc00a2c39e90264f33305004495a9","hash":"fb8c3a0c26a852d36b86700678b491c14edf7d5d"}
,"/Users/lamarialuisa/workspace/praia/notes-app/components/header/styles/HeaderColumns.styles.js": {"path":"/Users/lamarialuisa/workspace/praia/notes-app/components/header/styles/HeaderColumns.styles.js","statementMap":{"0":{"start":{"line":3,"column":27},"end":{"line":11,"column":1}},"1":{"start":{"line":10,"column":32},"end":{"line":10,"column":67}}},"fnMap":{"0":{"name":"(anonymous_0)","decl":{"start":{"line":10,"column":22},"end":{"line":10,"column":23}},"loc":{"start":{"line":10,"column":32},"end":{"line":10,"column":67}},"line":10}},"branchMap":{"0":{"loc":{"start":{"line":10,"column":32},"end":{"line":10,"column":67}},"type":"cond-expr","locations":[{"start":{"line":10,"column":46},"end":{"line":10,"column":56}},{"start":{"line":10,"column":59},"end":{"line":10,"column":67}}],"line":10}},"s":{"0":3,"1":9},"f":{"0":9},"b":{"0":[4,5]},"_coverageSchema":"1a1c01bbd47fc00a2c39e90264f33305004495a9","hash":"52530549fe6bc4d30685e20e6ce7ecac3a6c6d2b"}
,"/Users/lamarialuisa/workspace/praia/notes-app/components/header/styles/HeaderLogo.styles.js": {"path":"/Users/lamarialuisa/workspace/praia/notes-app/components/header/styles/HeaderLogo.styles.js","statementMap":{"0":{"start":{"line":3,"column":25},"end":{"line":14,"column":1}}},"fnMap":{},"branchMap":{},"s":{"0":1},"f":{},"b":{},"_coverageSchema":"1a1c01bbd47fc00a2c39e90264f33305004495a9","hash":"ced4966652c886115531bd9266f56ca8283d9136"}
,"/Users/lamarialuisa/workspace/praia/notes-app/components/headerButton/HeaderButton.jsx": {"path":"/Users/lamarialuisa/workspace/praia/notes-app/components/headerButton/HeaderButton.jsx","statementMap":{"0":{"start":{"line":8,"column":21},"end":{"line":18,"column":1}},"1":{"start":{"line":9,"column":2},"end":{"line":17,"column":23}},"2":{"start":{"line":20,"column":0},"end":{"line":26,"column":2}}},"fnMap":{"0":{"name":"(anonymous_0)","decl":{"start":{"line":8,"column":21},"end":{"line":8,"column":22}},"loc":{"start":{"line":8,"column":30},"end":{"line":18,"column":1}},"line":8}},"branchMap":{"0":{"loc":{"start":{"line":10,"column":5},"end":{"line":13,"column":29}},"type":"binary-expr","locations":[{"start":{"line":10,"column":5},"end":{"line":10,"column":15}},{"start":{"line":11,"column":6},"end":{"line":12,"column":31}},{"start":{"line":13,"column":9},"end":{"line":13,"column":29}}],"line":10},"1":{"loc":{"start":{"line":14,"column":5},"end":{"line":16,"column":31}},"type":"binary-expr","locations":[{"start":{"line":14,"column":5},"end":{"line":14,"column":15}},{"start":{"line":15,"column":6},"end":{"line":16,"column":31}}],"line":14}},"s":{"0":9,"1":115,"2":9},"f":{"0":115},"b":{"0":[115,103,12],"1":[115,37]},"_coverageSchema":"1a1c01bbd47fc00a2c39e90264f33305004495a9","hash":"bcb465e55677f83e50e289f07a50c9cd5813d376"}
,"/Users/lamarialuisa/workspace/praia/notes-app/components/headerButton/styles/HeaderButton.styles.js": {"path":"/Users/lamarialuisa/workspace/praia/notes-app/components/headerButton/styles/HeaderButton.styles.js","statementMap":{"0":{"start":{"line":3,"column":27},"end":{"line":21,"column":1}},"1":{"start":{"line":6,"column":22},"end":{"line":6,"column":60}},"2":{"start":{"line":8,"column":32},"end":{"line":8,"column":86}},"3":{"start":{"line":18,"column":34},"end":{"line":18,"column":88}}},"fnMap":{"0":{"name":"(anonymous_0)","decl":{"start":{"line":6,"column":12},"end":{"line":6,"column":13}},"loc":{"start":{"line":6,"column":22},"end":{"line":6,"column":60}},"line":6},"1":{"name":"(anonymous_1)","decl":{"start":{"line":8,"column":22},"end":{"line":8,"column":23}},"loc":{"start":{"line":8,"column":32},"end":{"line":8,"column":86}},"line":8},"2":{"name":"(anonymous_2)","decl":{"start":{"line":18,"column":24},"end":{"line":18,"column":25}},"loc":{"start":{"line":18,"column":34},"end":{"line":18,"column":88}},"line":18}},"branchMap":{"0":{"loc":{"start":{"line":6,"column":22},"end":{"line":6,"column":60}},"type":"cond-expr","locations":[{"start":{"line":6,"column":37},"end":{"line":6,"column":46}},{"start":{"line":6,"column":49},"end":{"line":6,"column":60}}],"line":6},"1":{"loc":{"start":{"line":8,"column":32},"end":{"line":8,"column":86}},"type":"cond-expr","locations":[{"start":{"line":8,"column":46},"end":{"line":8,"column":57}},{"start":{"line":8,"column":60},"end":{"line":8,"column":86}}],"line":8},"2":{"loc":{"start":{"line":18,"column":34},"end":{"line":18,"column":88}},"type":"cond-expr","locations":[{"start":{"line":18,"column":48},"end":{"line":18,"column":59}},{"start":{"line":18,"column":62},"end":{"line":18,"column":88}}],"line":18}},"s":{"0":9,"1":115,"2":115,"3":115},"f":{"0":115,"1":115,"2":115},"b":{"0":[21,94],"1":[89,26],"2":[69,46]},"_coverageSchema":"1a1c01bbd47fc00a2c39e90264f33305004495a9","hash":"b07b3ddfb0c42761f1b2f96887a117b4f6454dac"}
,"/Users/lamarialuisa/workspace/praia/notes-app/components/headerButton/styles/HeaderButtonIcon.styles.js": {"path":"/Users/lamarialuisa/workspace/praia/notes-app/components/headerButton/styles/HeaderButtonIcon.styles.js","statementMap":{"0":{"start":{"line":3,"column":31},"end":{"line":16,"column":1}},"1":{"start":{"line":4,"column":21},"end":{"line":4,"column":77}}},"fnMap":{"0":{"name":"(anonymous_0)","decl":{"start":{"line":4,"column":11},"end":{"line":4,"column":12}},"loc":{"start":{"line":4,"column":21},"end":{"line":4,"column":77}},"line":4}},"branchMap":{"0":{"loc":{"start":{"line":4,"column":21},"end":{"line":4,"column":77}},"type":"cond-expr","locations":[{"start":{"line":4,"column":39},"end":{"line":4,"column":54}},{"start":{"line":4,"column":57},"end":{"line":4,"column":77}}],"line":4}},"s":{"0":9,"1":103},"f":{"0":103},"b":{"0":[88,15]},"_coverageSchema":"1a1c01bbd47fc00a2c39e90264f33305004495a9","hash":"c99f51f997c11bebaf22b115edad22b817649163"}
,"/Users/lamarialuisa/workspace/praia/notes-app/components/headerButton/styles/HeaderButtonText.styles.js": {"path":"/Users/lamarialuisa/workspace/praia/notes-app/components/headerButton/styles/HeaderButtonText.styles.js","statementMap":{"0":{"start":{"line":3,"column":31},"end":{"line":12,"column":1}},"1":{"start":{"line":4,"column":21},"end":{"line":4,"column":77}},"2":{"start":{"line":8,"column":27},"end":{"line":8,"column":58}}},"fnMap":{"0":{"name":"(anonymous_0)","decl":{"start":{"line":4,"column":11},"end":{"line":4,"column":12}},"loc":{"start":{"line":4,"column":21},"end":{"line":4,"column":77}},"line":4},"1":{"name":"(anonymous_1)","decl":{"start":{"line":8,"column":17},"end":{"line":8,"column":18}},"loc":{"start":{"line":8,"column":27},"end":{"line":8,"column":58}},"line":8}},"branchMap":{"0":{"loc":{"start":{"line":4,"column":21},"end":{"line":4,"column":77}},"type":"cond-expr","locations":[{"start":{"line":4,"column":39},"end":{"line":4,"column":54}},{"start":{"line":4,"column":57},"end":{"line":4,"column":77}}],"line":4},"1":{"loc":{"start":{"line":8,"column":27},"end":{"line":8,"column":58}},"type":"cond-expr","locations":[{"start":{"line":8,"column":41},"end":{"line":8,"column":49}},{"start":{"line":8,"column":52},"end":{"line":8,"column":58}}],"line":8}},"s":{"0":9,"1":37,"2":37},"f":{"0":37,"1":37},"b":{"0":[18,19],"1":[34,3]},"_coverageSchema":"1a1c01bbd47fc00a2c39e90264f33305004495a9","hash":"dda96357d23b1cebd74f51db9a8b4eb0469b1f64"}
,"/Users/lamarialuisa/workspace/praia/notes-app/components/headerButton/styles/HeaderButtonWhiteSpace.styles.js": {"path":"/Users/lamarialuisa/workspace/praia/notes-app/components/headerButton/styles/HeaderButtonWhiteSpace.styles.js","statementMap":{"0":{"start":{"line":3,"column":25},"end":{"line":6,"column":1}}},"fnMap":{},"branchMap":{},"s":{"0":9},"f":{},"b":{},"_coverageSchema":"1a1c01bbd47fc00a2c39e90264f33305004495a9","hash":"a922eb2f63e718b30a5a57c6d34fe1d0c5f646c0"}
,"/Users/lamarialuisa/workspace/praia/notes-app/components/headerDivisor/HeaderDivisor.jsx": {"path":"/Users/lamarialuisa/workspace/praia/notes-app/components/headerDivisor/HeaderDivisor.jsx","statementMap":{"0":{"start":{"line":4,"column":22},"end":{"line":6,"column":1}},"1":{"start":{"line":5,"column":2},"end":{"line":5,"column":45}}},"fnMap":{"0":{"name":"(anonymous_0)","decl":{"start":{"line":4,"column":22},"end":{"line":4,"column":23}},"loc":{"start":{"line":5,"column":2},"end":{"line":5,"column":45}},"line":5}},"branchMap":{},"s":{"0":3,"1":4},"f":{"0":4},"b":{},"_coverageSchema":"1a1c01bbd47fc00a2c39e90264f33305004495a9","hash":"47f3f14de33903b463335abf3f28ddf58fa1ed7e"}
,"/Users/lamarialuisa/workspace/praia/notes-app/components/headerDivisor/styles/HeaderDivisor.styles.js": {"path":"/Users/lamarialuisa/workspace/praia/notes-app/components/headerDivisor/styles/HeaderDivisor.styles.js","statementMap":{"0":{"start":{"line":3,"column":28},"end":{"line":8,"column":1}}},"fnMap":{},"branchMap":{},"s":{"0":3},"f":{},"b":{},"_coverageSchema":"1a1c01bbd47fc00a2c39e90264f33305004495a9","hash":"1b04d375c8328e3f8ffe302755c8d38a8397849c"}
,"/Users/lamarialuisa/workspace/praia/notes-app/components/label/Label.jsx": {"path":"/Users/lamarialuisa/workspace/praia/notes-app/components/label/Label.jsx","statementMap":{"0":{"start":{"line":6,"column":14},"end":{"line":8,"column":1}},"1":{"start":{"line":7,"column":2},"end":{"line":7,"column":81}},"2":{"start":{"line":10,"column":0},"end":{"line":12,"column":2}}},"fnMap":{"0":{"name":"(anonymous_0)","decl":{"start":{"line":6,"column":14},"end":{"line":6,"column":15}},"loc":{"start":{"line":7,"column":2},"end":{"line":7,"column":81}},"line":7}},"branchMap":{"0":{"loc":{"start":{"line":7,"column":23},"end":{"line":7,"column":64}},"type":"binary-expr","locations":[{"start":{"line":7,"column":23},"end":{"line":7,"column":28}},{"start":{"line":7,"column":32},"end":{"line":7,"column":38}},{"start":{"line":7,"column":42},"end":{"line":7,"column":55}},{"start":{"line":7,"column":59},"end":{"line":7,"column":64}}],"line":7}},"s":{"0":4,"1":33,"2":4},"f":{"0":33},"b":{"0":[33,33,33,0]},"_coverageSchema":"1a1c01bbd47fc00a2c39e90264f33305004495a9","hash":"94ecea3e021aef2e403b1214b5bbf05b607312ca"}
,"/Users/lamarialuisa/workspace/praia/notes-app/components/label/defaultLabelColors.js": {"path":"/Users/lamarialuisa/workspace/praia/notes-app/components/label/defaultLabelColors.js","statementMap":{"0":{"start":{"line":1,"column":0},"end":{"line":7,"column":2}}},"fnMap":{},"branchMap":{},"s":{"0":4},"f":{},"b":{},"_coverageSchema":"1a1c01bbd47fc00a2c39e90264f33305004495a9","hash":"2fdc63ef24e488204f58b1d3c40226c849056bc2"}
,"/Users/lamarialuisa/workspace/praia/notes-app/components/label/styles/Label.styles.js": {"path":"/Users/lamarialuisa/workspace/praia/notes-app/components/label/styles/Label.styles.js","statementMap":{"0":{"start":{"line":3,"column":20},"end":{"line":13,"column":1}},"1":{"start":{"line":10,"column":32},"end":{"line":10,"column":43}}},"fnMap":{"0":{"name":"(anonymous_0)","decl":{"start":{"line":10,"column":22},"end":{"line":10,"column":23}},"loc":{"start":{"line":10,"column":32},"end":{"line":10,"column":43}},"line":10}},"branchMap":{},"s":{"0":4,"1":33},"f":{"0":33},"b":{},"_coverageSchema":"1a1c01bbd47fc00a2c39e90264f33305004495a9","hash":"5bd331f2359afc517acb407d89ba3cde63c849b5"}
,"/Users/lamarialuisa/workspace/praia/notes-app/components/titleBoard/TitleBoard.jsx": {"path":"/Users/lamarialuisa/workspace/praia/notes-app/components/titleBoard/TitleBoard.jsx","statementMap":{"0":{"start":{"line":4,"column":19},"end":{"line":8,"column":1}},"1":{"start":{"line":5,"column":2},"end":{"line":7,"column":21}}},"fnMap":{"0":{"name":"(anonymous_0)","decl":{"start":{"line":4,"column":19},"end":{"line":4,"column":20}},"loc":{"start":{"line":5,"column":2},"end":{"line":7,"column":21}},"line":5}},"branchMap":{},"s":{"0":3,"1":4},"f":{"0":4},"b":{},"_coverageSchema":"1a1c01bbd47fc00a2c39e90264f33305004495a9","hash":"ea7eb5fd6a9a5ebe3eeffdb9e17322499a3103f3"}
,"/Users/lamarialuisa/workspace/praia/notes-app/components/titleBoard/styles/TitleBoard.styles.js": {"path":"/Users/lamarialuisa/workspace/praia/notes-app/components/titleBoard/styles/TitleBoard.styles.js","statementMap":{"0":{"start":{"line":3,"column":25},"end":{"line":17,"column":1}}},"fnMap":{},"branchMap":{},"s":{"0":3},"f":{},"b":{},"_coverageSchema":"1a1c01bbd47fc00a2c39e90264f33305004495a9","hash":"74c5eb83f9670f76c822b0c151c44de664c5f6c2"}
,"/Users/lamarialuisa/workspace/praia/notes-app/data/index.js": {"path":"/Users/lamarialuisa/workspace/praia/notes-app/data/index.js","statementMap":{"0":{"start":{"line":1,"column":0},"end":{"line":55,"column":2}}},"fnMap":{},"branchMap":{},"s":{"0":1},"f":{},"b":{},"_coverageSchema":"1a1c01bbd47fc00a2c39e90264f33305004495a9","hash":"64d44969d12bb7a833305904210880a211761bd6"}
,"/Users/lamarialuisa/workspace/praia/notes-app/styles/config.js": {"path":"/Users/lamarialuisa/workspace/praia/notes-app/styles/config.js","statementMap":{"0":{"start":{"line":1,"column":22},"end":{"line":7,"column":1}}},"fnMap":{},"branchMap":{},"s":{"0":6},"f":{},"b":{},"_coverageSchema":"1a1c01bbd47fc00a2c39e90264f33305004495a9","hash":"9316b6871f8baa4a69e91afc788cdabf2090c3ef"}
}
