TN:
SF:components/avatar/Avatar.jsx
FN:4,(anonymous_0)
FNF:1
FNH:1
FNDA:5,(anonymous_0)
DA:4,4
DA:5,5
LF:2
LH:2
BRF:0
BRH:0
end_of_record
TN:
SF:components/avatar/styles/Avatar.styles.js
FNF:0
FNH:0
DA:3,4
LF:1
LH:1
BRF:0
BRH:0
end_of_record
TN:
SF:components/board/Board.jsx
FN:7,(anonymous_0)
FN:11,(anonymous_1)
FNF:2
FNH:2
FNDA:2,(anonymous_0)
FNDA:12,(anonymous_1)
DA:7,1
DA:8,2
DA:12,12
DA:18,1
LF:4
LH:4
BRDA:11,0,0,2
BRDA:11,0,1,2
BRF:2
BRH:2
end_of_record
TN:
SF:components/board/styles/Board.styles.js
FNF:0
FNH:0
DA:3,1
LF:1
LH:1
BRF:0
BRH:0
end_of_record
TN:
SF:components/boardHeaderMenu/BoardHeaderMenu.jsx
FN:9,(anonymous_0)
FNF:1
FNH:1
FNDA:3,(anonymous_0)
DA:9,2
DA:10,3
LF:2
LH:2
BRF:0
BRH:0
end_of_record
TN:
SF:components/boardHeaderMenu/styles/BoardHeaderMenu.styles.js
FNF:0
FNH:0
DA:4,2
LF:1
LH:1
BRF:0
BRH:0
end_of_record
TN:
SF:components/card/Card.jsx
FN:11,(anonymous_0)
FN:18,(anonymous_1)
FNF:2
FNH:2
FNDA:54,(anonymous_0)
FNDA:32,(anonymous_1)
DA:11,3
DA:12,54
DA:13,4
DA:14,54
DA:19,32
DA:29,3
LF:6
LH:6
BRDA:12,0,0,4
BRDA:12,0,1,50
BRDA:16,1,0,54
BRDA:16,1,1,4
BRDA:18,2,0,54
BRDA:18,2,1,52
BRF:6
BRH:6
end_of_record
TN:
SF:components/card/styles/Card.styles.js
FNF:0
FNH:0
DA:3,3
LF:1
LH:1
BRF:0
BRH:0
end_of_record
TN:
SF:components/card/styles/CardContent.styles.js
FNF:0
FNH:0
DA:3,3
LF:1
LH:1
BRF:0
BRH:0
end_of_record
TN:
SF:components/card/styles/CardCover.styles.js
FNF:0
FNH:0
DA:3,3
LF:1
LH:1
BRF:0
BRH:0
end_of_record
TN:
SF:components/card/styles/CardIconEdit.styles.js
FN:7,(anonymous_0)
FNF:1
FNH:1
FNDA:54,(anonymous_0)
DA:3,3
DA:7,54
LF:2
LH:2
BRDA:7,0,0,0
BRDA:7,0,1,54
BRF:2
BRH:1
end_of_record
TN:
SF:components/card/styles/CardText.styles.js
FNF:0
FNH:0
DA:4,3
LF:1
LH:1
BRF:0
BRH:0
end_of_record
TN:
SF:components/cardItemsIcons/CardItemsIcons.jsx
FN:7,(anonymous_0)
FN:9,(anonymous_1)
FNF:2
FNH:2
FNDA:55,(anonymous_0)
FNDA:37,(anonymous_1)
DA:7,4
DA:8,55
DA:10,37
DA:24,4
LF:4
LH:4
BRDA:9,0,0,55
BRDA:9,0,1,53
BRDA:18,1,0,37
BRDA:18,1,1,16
BRF:4
BRH:4
end_of_record
TN:
SF:components/cardItemsIcons/styles/CardItemsIcons.styles.js
FNF:0
FNH:0
DA:3,4
LF:1
LH:1
BRF:0
BRH:0
end_of_record
TN:
SF:components/cardItemsIcons/styles/Values.styles.js
FNF:0
FNH:0
DA:3,4
LF:1
LH:1
BRF:0
BRH:0
end_of_record
TN:
SF:components/cardList/CardList.jsx
FN:8,(anonymous_0)
FN:12,(anonymous_1)
FNF:2
FNH:2
FNDA:15,(anonymous_0)
FNDA:52,(anonymous_1)
DA:8,2
DA:9,15
DA:13,52
DA:20,2
LF:4
LH:4
BRDA:12,0,0,15
BRDA:12,0,1,15
BRF:2
BRH:2
end_of_record
TN:
SF:components/cardList/styles/CardList.styles.js
FNF:0
FNH:0
DA:3,2
LF:1
LH:1
BRF:0
BRH:0
end_of_record
TN:
SF:components/cardListHeader/CardListHeader.jsx
FN:7,(anonymous_0)
FNF:1
FNH:1
FNDA:17,(anonymous_0)
DA:7,3
DA:8,17
DA:21,3
LF:3
LH:3
BRF:0
BRH:0
end_of_record
TN:
SF:components/cardListHeader/styles/CardListHeader.styles.js
FNF:0
FNH:0
DA:3,3
LF:1
LH:1
BRF:0
BRH:0
end_of_record
TN:
SF:components/cardListHeader/styles/CardListHeaderTitle.styles.js
FNF:0
FNH:0
DA:4,3
LF:1
LH:1
BRF:0
BRH:0
end_of_record
TN:
SF:components/cardListMenu/CardListMenu.jsx
FN:5,(anonymous_0)
FNF:1
FNH:1
FNDA:16,(anonymous_0)
DA:5,3
DA:6,16
LF:2
LH:2
BRF:0
BRH:0
end_of_record
TN:
SF:components/cardListMenu/styles/CardListMenu.styles.js
FNF:0
FNH:0
DA:3,3
LF:1
LH:1
BRF:0
BRH:0
end_of_record
TN:
SF:components/header/Header.jsx
FN:8,(anonymous_0)
FNF:1
FNH:1
FNDA:1,(anonymous_0)
DA:8,1
DA:9,1
LF:2
LH:2
BRF:0
BRH:0
end_of_record
TN:
SF:components/header/styles/Header.styles.js
FNF:0
FNH:0
DA:4,1
LF:1
LH:1
BRF:0
BRH:0
end_of_record
TN:
SF:components/header/styles/HeaderColumns.styles.js
FN:10,(anonymous_0)
FNF:1
FNH:1
FNDA:9,(anonymous_0)
DA:3,3
DA:10,9
LF:2
LH:2
BRDA:10,0,0,4
BRDA:10,0,1,5
BRF:2
BRH:2
end_of_record
TN:
SF:components/header/styles/HeaderLogo.styles.js
FNF:0
FNH:0
DA:3,1
LF:1
LH:1
BRF:0
BRH:0
end_of_record
TN:
SF:components/headerButton/HeaderButton.jsx
FN:8,(anonymous_0)
FNF:1
FNH:1
FNDA:115,(anonymous_0)
DA:8,9
DA:9,115
DA:20,9
LF:3
LH:3
BRDA:10,0,0,115
BRDA:10,0,1,103
BRDA:10,0,2,12
BRDA:14,1,0,115
BRDA:14,1,1,37
BRF:5
BRH:5
end_of_record
TN:
SF:components/headerButton/styles/HeaderButton.styles.js
FN:6,(anonymous_0)
FN:8,(anonymous_1)
FN:18,(anonymous_2)
FNF:3
FNH:3
FNDA:115,(anonymous_0)
FNDA:115,(anonymous_1)
FNDA:115,(anonymous_2)
DA:3,9
DA:6,115
DA:8,115
DA:18,115
LF:4
LH:4
BRDA:6,0,0,21
BRDA:6,0,1,94
BRDA:8,1,0,89
BRDA:8,1,1,26
BRDA:18,2,0,69
BRDA:18,2,1,46
BRF:6
BRH:6
end_of_record
TN:
SF:components/headerButton/styles/HeaderButtonIcon.styles.js
FN:4,(anonymous_0)
FNF:1
FNH:1
FNDA:103,(anonymous_0)
DA:3,9
DA:4,103
LF:2
LH:2
BRDA:4,0,0,88
BRDA:4,0,1,15
BRF:2
BRH:2
end_of_record
TN:
SF:components/headerButton/styles/HeaderButtonText.styles.js
FN:4,(anonymous_0)
FN:8,(anonymous_1)
FNF:2
FNH:2
FNDA:37,(anonymous_0)
FNDA:37,(anonymous_1)
DA:3,9
DA:4,37
DA:8,37
LF:3
LH:3
BRDA:4,0,0,18
BRDA:4,0,1,19
BRDA:8,1,0,34
BRDA:8,1,1,3
BRF:4
BRH:4
end_of_record
TN:
SF:components/headerButton/styles/HeaderButtonWhiteSpace.styles.js
FNF:0
FNH:0
DA:3,9
LF:1
LH:1
BRF:0
BRH:0
end_of_record
TN:
SF:components/headerDivisor/HeaderDivisor.jsx
FN:4,(anonymous_0)
FNF:1
FNH:1
FNDA:4,(anonymous_0)
DA:4,3
DA:5,4
LF:2
LH:2
BRF:0
BRH:0
end_of_record
TN:
SF:components/headerDivisor/styles/HeaderDivisor.styles.js
FNF:0
FNH:0
DA:3,3
LF:1
LH:1
BRF:0
BRH:0
end_of_record
TN:
SF:components/label/Label.jsx
FN:6,(anonymous_0)
FNF:1
FNH:1
FNDA:33,(anonymous_0)
DA:6,4
DA:7,33
DA:10,4
LF:3
LH:3
BRDA:7,0,0,33
BRDA:7,0,1,33
BRDA:7,0,2,33
BRDA:7,0,3,0
BRF:4
BRH:3
end_of_record
TN:
SF:components/label/defaultLabelColors.js
FNF:0
FNH:0
DA:1,4
LF:1
LH:1
BRF:0
BRH:0
end_of_record
TN:
SF:components/label/styles/Label.styles.js
FN:10,(anonymous_0)
FNF:1
FNH:1
FNDA:33,(anonymous_0)
DA:3,4
DA:10,33
LF:2
LH:2
BRF:0
BRH:0
end_of_record
TN:
SF:components/titleBoard/TitleBoard.jsx
FN:4,(anonymous_0)
FNF:1
FNH:1
FNDA:4,(anonymous_0)
DA:4,3
DA:5,4
LF:2
LH:2
BRF:0
BRH:0
end_of_record
TN:
SF:components/titleBoard/styles/TitleBoard.styles.js
FNF:0
FNH:0
DA:3,3
LF:1
LH:1
BRF:0
BRH:0
end_of_record
TN:
SF:data/index.js
FNF:0
FNH:0
DA:1,1
LF:1
LH:1
BRF:0
BRH:0
end_of_record
TN:
SF:styles/config.js
FNF:0
FNH:0
DA:1,6
LF:1
LH:1
BRF:0
BRH:0
end_of_record
